<?xml version="1.0" encoding="UTF-8"?>
<testng-results ignored="0" total="2" passed="2" failed="0" skipped="0">
  <reporter-output>
  </reporter-output>
  <suite started-at="2023-10-10T21:50:18 IST" name="OpenCartSuite" finished-at="2023-10-10T21:50:57 IST" duration-ms="39627">
    <groups>
      <group name="Master">
        <method signature="TC_001_AccountRegistrationTest.AccountRegistrationTest()[pri:0, instance:testCases.TC_001_AccountRegistrationTest@dd8ba08]" name="AccountRegistrationTest" class="testCases.TC_001_AccountRegistrationTest"/>
        <method signature="tc_002_LoginTest.test_Login()[pri:0, instance:testCases.tc_002_LoginTest@72d1ad2e]" name="test_Login" class="testCases.tc_002_LoginTest"/>
      </group> <!-- Master -->
      <group name="Sanity">
        <method signature="tc_002_LoginTest.test_Login()[pri:0, instance:testCases.tc_002_LoginTest@72d1ad2e]" name="test_Login" class="testCases.tc_002_LoginTest"/>
      </group> <!-- Sanity -->
      <group name="Regression">
        <method signature="TC_001_AccountRegistrationTest.AccountRegistrationTest()[pri:0, instance:testCases.TC_001_AccountRegistrationTest@dd8ba08]" name="AccountRegistrationTest" class="testCases.TC_001_AccountRegistrationTest"/>
      </group> <!-- Regression -->
    </groups>
    <test started-at="2023-10-10T21:50:18 IST" name="OpenCartTests" finished-at="2023-10-10T21:50:57 IST" duration-ms="39627">
      <class name="testCases.TC_001_AccountRegistrationTest">
        <test-method is-config="true" signature="SetUp(java.lang.String)[pri:0, instance:testCases.TC_001_AccountRegistrationTest@dd8ba08]" started-at="2023-10-10T21:50:18 IST" name="SetUp" finished-at="2023-10-10T21:50:28 IST" duration-ms="9840" status="PASS">
          <params>
            <param index="0">
              <value>
                <![CDATA[chrome]]>
              </value>
            </param>
          </params>
          <reporter-output>
          </reporter-output>
        </test-method> <!-- SetUp -->
        <test-method signature="AccountRegistrationTest()[pri:0, instance:testCases.TC_001_AccountRegistrationTest@dd8ba08]" started-at="2023-10-10T21:50:28 IST" name="AccountRegistrationTest" finished-at="2023-10-10T21:50:45 IST" duration-ms="16762" status="PASS">
          <reporter-output>
          </reporter-output>
        </test-method> <!-- AccountRegistrationTest -->
        <test-method is-config="true" signature="Teardown()[pri:0, instance:testCases.TC_001_AccountRegistrationTest@dd8ba08]" started-at="2023-10-10T21:50:45 IST" name="Teardown" finished-at="2023-10-10T21:50:46 IST" duration-ms="1313" status="PASS">
          <reporter-output>
          </reporter-output>
        </test-method> <!-- Teardown -->
      </class> <!-- testCases.TC_001_AccountRegistrationTest -->
      <class name="testCases.tc_002_LoginTest">
        <test-method is-config="true" signature="SetUp(java.lang.String)[pri:0, instance:testCases.tc_002_LoginTest@72d1ad2e]" started-at="2023-10-10T21:50:46 IST" name="SetUp" finished-at="2023-10-10T21:50:54 IST" duration-ms="8182" status="PASS">
          <params>
            <param index="0">
              <value>
                <![CDATA[chrome]]>
              </value>
            </param>
          </params>
          <reporter-output>
          </reporter-output>
        </test-method> <!-- SetUp -->
        <test-method signature="test_Login()[pri:0, instance:testCases.tc_002_LoginTest@72d1ad2e]" started-at="2023-10-10T21:50:54 IST" name="test_Login" finished-at="2023-10-10T21:50:57 IST" duration-ms="2420" status="PASS">
          <reporter-output>
          </reporter-output>
        </test-method> <!-- test_Login -->
        <test-method is-config="true" signature="Teardown()[pri:0, instance:testCases.tc_002_LoginTest@72d1ad2e]" started-at="2023-10-10T21:50:57 IST" name="Teardown" finished-at="2023-10-10T21:50:57 IST" duration-ms="629" status="PASS">
          <reporter-output>
          </reporter-output>
        </test-method> <!-- Teardown -->
      </class> <!-- testCases.tc_002_LoginTest -->
    </test> <!-- OpenCartTests -->
  </suite> <!-- OpenCartSuite -->
</testng-results>
