<?xml version="1.0" encoding="UTF-8"?>
<testng-results ignored="0" total="1" passed="1" failed="0" skipped="0">
  <reporter-output>
  </reporter-output>
  <suite started-at="2023-10-09T22:55:25 IST" name="Failed suite [OpenCartSuite]" finished-at="2023-10-09T22:55:53 IST" duration-ms="27536">
    <groups>
      <group name="Master">
        <method signature="TC_001_AccountRegistrationTest.AccountRegistrationTest()[pri:0, instance:testCases.TC_001_AccountRegistrationTest@6a78afa0]" name="AccountRegistrationTest" class="testCases.TC_001_AccountRegistrationTest"/>
      </group> <!-- Master -->
      <group name="Regression">
        <method signature="TC_001_AccountRegistrationTest.AccountRegistrationTest()[pri:0, instance:testCases.TC_001_AccountRegistrationTest@6a78afa0]" name="AccountRegistrationTest" class="testCases.TC_001_AccountRegistrationTest"/>
      </group> <!-- Regression -->
    </groups>
    <test started-at="2023-10-09T22:55:25 IST" name="OpenCartTests(failed)" finished-at="2023-10-09T22:55:53 IST" duration-ms="27536">
      <class name="testCases.TC_001_AccountRegistrationTest">
        <test-method is-config="true" signature="SetUp(java.lang.String)[pri:0, instance:testCases.TC_001_AccountRegistrationTest@6a78afa0]" started-at="2023-10-09T22:55:26 IST" name="SetUp" finished-at="2023-10-09T22:55:35 IST" duration-ms="9243" status="PASS">
          <params>
            <param index="0">
              <value>
                <![CDATA[chrome]]>
              </value>
            </param>
          </params>
          <reporter-output>
          </reporter-output>
        </test-method> <!-- SetUp -->
        <test-method signature="AccountRegistrationTest()[pri:0, instance:testCases.TC_001_AccountRegistrationTest@6a78afa0]" started-at="2023-10-09T22:55:35 IST" name="AccountRegistrationTest" finished-at="2023-10-09T22:55:51 IST" duration-ms="15831" status="PASS">
          <reporter-output>
          </reporter-output>
        </test-method> <!-- AccountRegistrationTest -->
        <test-method is-config="true" signature="Teardown()[pri:0, instance:testCases.TC_001_AccountRegistrationTest@6a78afa0]" started-at="2023-10-09T22:55:51 IST" name="Teardown" finished-at="2023-10-09T22:55:53 IST" duration-ms="1716" status="PASS">
          <reporter-output>
          </reporter-output>
        </test-method> <!-- Teardown -->
      </class> <!-- testCases.TC_001_AccountRegistrationTest -->
    </test> <!-- OpenCartTests(failed) -->
  </suite> <!-- Failed suite [OpenCartSuite] -->
</testng-results>
